<object class="ISPyBClient2">
  <ws_root>
    <!-- Test database-->
    http://160.103.210.4:8080/ispyb-ejb3/ispybWS/
  </ws_root>

  <proposals>
    <proposal>
      <code>ifx</code>
      <ispyb>fx</ispyb>
      <gui>fx</gui>
    </proposal>
  </proposals>

  <inhouse>
    <proposal>
      <code>opid</code>
      <number>231</number>
    </proposal>
  </inhouse>
</object>
